<component name="libraryTable">
  <library name="junit-jupiter-api-5.10.1">
    <CLASSES>
      <root url="jar://$PROJECT_DIR$/../libraries/junit-jupiter-api-5.10.1.jar!/" />
    </CLASSES>
    <JAVADOC />
    <SOURCES />
  </library>
</component>